[Thu Dec  4 13:19:54 2014] [info] Listening at "http://*:3000".
[Thu Dec  4 13:19:58 2014] [debug] Your secret passphrase needs to be changed!!!
[Thu Dec  4 13:19:58 2014] [debug] GET "/".
[Thu Dec  4 13:19:58 2014] [debug] Routing to controller "EnQ::Example" and action "welcome".
[Thu Dec  4 13:19:58 2014] [debug] Rendering template "example/welcome.html.ep".
[Thu Dec  4 13:19:58 2014] [debug] Rendering template "layouts/default.html.ep".
[Thu Dec  4 13:19:58 2014] [debug] 200 OK (0.005218s, 191.644/s).
[Thu Dec  4 13:22:07 2014] [info] Listening at "http://*:3000".
[Thu Dec  4 13:22:09 2014] [debug] Your secret passphrase needs to be changed!!!
[Thu Dec  4 13:22:09 2014] [debug] GET "/".
[Thu Dec  4 13:22:09 2014] [debug] Routing to controller "EnQ::Example" and action "welcome".
[Thu Dec  4 13:22:09 2014] [debug] Rendering template "example/welcome.html.ep".
[Thu Dec  4 13:22:09 2014] [debug] Rendering template "layouts/default.html.ep".
[Thu Dec  4 13:22:09 2014] [debug] 200 OK (0.004706s, 212.495/s).
[Thu Dec  4 13:22:10 2014] [debug] GET "/".
[Thu Dec  4 13:22:10 2014] [debug] Routing to controller "EnQ::Example" and action "welcome".
[Thu Dec  4 13:22:10 2014] [debug] Rendering cached template "example/welcome.html.ep".
[Thu Dec  4 13:22:10 2014] [debug] Rendering cached template "layouts/default.html.ep".
[Thu Dec  4 13:22:10 2014] [debug] 200 OK (0.001019s, 981.354/s).
[Thu Dec  4 13:22:13 2014] [debug] GET "/assets/css/keen-dashboards.css".
[Thu Dec  4 13:22:13 2014] [debug] Template "not_found.development.html.ep" not found.
[Thu Dec  4 13:22:13 2014] [debug] Template "not_found.html.ep" not found.
[Thu Dec  4 13:22:13 2014] [debug] Rendering inline template "569839bd27413e47e26c8476bacb2540".
[Thu Dec  4 13:22:13 2014] [debug] Rendering inline template "4fcf2af99f1803a7a26c2e9b04430f8c".
[Thu Dec  4 13:22:13 2014] [debug] 404 Not Found (0.020453s, 48.893/s).
[Thu Dec  4 13:22:13 2014] [debug] GET "/assets/lib/jquery/dist/jquery.min.js".
[Thu Dec  4 13:22:13 2014] [debug] Template "not_found.development.html.ep" not found.
[Thu Dec  4 13:22:13 2014] [debug] Template "not_found.html.ep" not found.
[Thu Dec  4 13:22:13 2014] [debug] Rendering cached inline template "569839bd27413e47e26c8476bacb2540".
[Thu Dec  4 13:22:13 2014] [debug] Rendering cached inline template "4fcf2af99f1803a7a26c2e9b04430f8c".
[Thu Dec  4 13:22:13 2014] [debug] 404 Not Found (0.005510s, 181.488/s).
[Thu Dec  4 13:22:13 2014] [debug] GET "/assets/lib/holderjs/holder.js".
[Thu Dec  4 13:22:13 2014] [debug] Template "not_found.development.html.ep" not found.
[Thu Dec  4 13:22:13 2014] [debug] Template "not_found.html.ep" not found.
[Thu Dec  4 13:22:13 2014] [debug] Rendering cached inline template "569839bd27413e47e26c8476bacb2540".
[Thu Dec  4 13:22:13 2014] [debug] Rendering cached inline template "4fcf2af99f1803a7a26c2e9b04430f8c".
[Thu Dec  4 13:22:13 2014] [debug] 404 Not Found (0.004646s, 215.239/s).
[Thu Dec  4 13:22:13 2014] [debug] GET "/assets/lib/bootstrap/dist/js/bootstrap.min.js".
[Thu Dec  4 13:22:13 2014] [debug] Template "not_found.development.html.ep" not found.
[Thu Dec  4 13:22:13 2014] [debug] Template "not_found.html.ep" not found.
[Thu Dec  4 13:22:13 2014] [debug] Rendering cached inline template "569839bd27413e47e26c8476bacb2540".
[Thu Dec  4 13:22:13 2014] [debug] Rendering cached inline template "4fcf2af99f1803a7a26c2e9b04430f8c".
[Thu Dec  4 13:22:13 2014] [debug] 404 Not Found (0.004863s, 205.634/s).
[Thu Dec  4 13:22:13 2014] [debug] GET "/assets/lib/bootstrap/dist/css/bootstrap.min.css".
[Thu Dec  4 13:22:13 2014] [debug] Template "not_found.development.html.ep" not found.
[Thu Dec  4 13:22:13 2014] [debug] Template "not_found.html.ep" not found.
[Thu Dec  4 13:22:13 2014] [debug] Rendering cached inline template "569839bd27413e47e26c8476bacb2540".
[Thu Dec  4 13:22:13 2014] [debug] Rendering cached inline template "4fcf2af99f1803a7a26c2e9b04430f8c".
[Thu Dec  4 13:22:13 2014] [debug] 404 Not Found (0.005376s, 186.012/s).
[Thu Dec  4 13:22:13 2014] [debug] GET "/assets/lib/keen-js/dist/keen.min.js".
[Thu Dec  4 13:22:13 2014] [debug] Template "not_found.development.html.ep" not found.
[Thu Dec  4 13:22:13 2014] [debug] Template "not_found.html.ep" not found.
[Thu Dec  4 13:22:13 2014] [debug] Rendering cached inline template "569839bd27413e47e26c8476bacb2540".
[Thu Dec  4 13:22:13 2014] [debug] Rendering cached inline template "4fcf2af99f1803a7a26c2e9b04430f8c".
[Thu Dec  4 13:22:13 2014] [debug] 404 Not Found (0.004920s, 203.252/s).
[Thu Dec  4 13:22:13 2014] [debug] GET "/assets/js/meta.js".
[Thu Dec  4 13:22:13 2014] [debug] Template "not_found.development.html.ep" not found.
[Thu Dec  4 13:22:13 2014] [debug] Template "not_found.html.ep" not found.
[Thu Dec  4 13:22:13 2014] [debug] Rendering cached inline template "569839bd27413e47e26c8476bacb2540".
[Thu Dec  4 13:22:13 2014] [debug] Rendering cached inline template "4fcf2af99f1803a7a26c2e9b04430f8c".
[Thu Dec  4 13:22:13 2014] [debug] 404 Not Found (0.007789s, 128.386/s).
[Thu Dec  4 13:22:13 2014] [debug] GET "/keen.dashboard.js".
[Thu Dec  4 13:22:13 2014] [debug] Template "not_found.development.html.ep" not found.
[Thu Dec  4 13:22:13 2014] [debug] Template "not_found.html.ep" not found.
[Thu Dec  4 13:22:13 2014] [debug] Rendering cached inline template "569839bd27413e47e26c8476bacb2540".
[Thu Dec  4 13:22:13 2014] [debug] Rendering cached inline template "4fcf2af99f1803a7a26c2e9b04430f8c".
[Thu Dec  4 13:22:13 2014] [debug] 404 Not Found (0.005283s, 189.286/s).
[Thu Dec  4 13:26:53 2014] [debug] GET "/".
[Thu Dec  4 13:26:53 2014] [debug] Routing to controller "EnQ::Example" and action "welcome".
[Thu Dec  4 13:26:53 2014] [debug] Rendering cached template "example/welcome.html.ep".
[Thu Dec  4 13:26:53 2014] [debug] Rendering cached template "layouts/default.html.ep".
[Thu Dec  4 13:26:53 2014] [debug] 200 OK (0.000939s, 1064.963/s).
[Thu Dec  4 13:26:55 2014] [debug] GET "/components/bootstrap/dist/css/bootstrap.min.css".
[Thu Dec  4 13:26:55 2014] [debug] Template "not_found.development.html.ep" not found.
[Thu Dec  4 13:26:55 2014] [debug] Template "not_found.html.ep" not found.
[Thu Dec  4 13:26:55 2014] [debug] Rendering cached inline template "569839bd27413e47e26c8476bacb2540".
[Thu Dec  4 13:26:55 2014] [debug] Rendering cached inline template "4fcf2af99f1803a7a26c2e9b04430f8c".
[Thu Dec  4 13:26:55 2014] [debug] 404 Not Found (0.007873s, 127.016/s).
[Thu Dec  4 13:26:55 2014] [debug] GET "/components/font-awesome/css/font-awesome.min.css".
[Thu Dec  4 13:26:55 2014] [debug] Template "not_found.development.html.ep" not found.
[Thu Dec  4 13:26:55 2014] [debug] Template "not_found.html.ep" not found.
[Thu Dec  4 13:26:55 2014] [debug] Rendering cached inline template "569839bd27413e47e26c8476bacb2540".
[Thu Dec  4 13:26:55 2014] [debug] Rendering cached inline template "4fcf2af99f1803a7a26c2e9b04430f8c".
[Thu Dec  4 13:26:55 2014] [debug] 404 Not Found (0.007395s, 135.227/s).
[Thu Dec  4 13:26:55 2014] [debug] GET "/components/angular-bootstrap/ui-bootstrap-tpls.min.js".
[Thu Dec  4 13:26:55 2014] [debug] Template "not_found.development.html.ep" not found.
[Thu Dec  4 13:26:55 2014] [debug] Template "not_found.html.ep" not found.
[Thu Dec  4 13:26:55 2014] [debug] Rendering cached inline template "569839bd27413e47e26c8476bacb2540".
[Thu Dec  4 13:26:55 2014] [debug] Rendering cached inline template "4fcf2af99f1803a7a26c2e9b04430f8c".
[Thu Dec  4 13:26:55 2014] [debug] 404 Not Found (0.006150s, 162.602/s).
[Thu Dec  4 13:26:55 2014] [debug] GET "/components/rdash-ui/dist/css/rdash.min.css".
[Thu Dec  4 13:26:55 2014] [debug] Template "not_found.development.html.ep" not found.
[Thu Dec  4 13:26:55 2014] [debug] Template "not_found.html.ep" not found.
[Thu Dec  4 13:26:55 2014] [debug] Rendering cached inline template "569839bd27413e47e26c8476bacb2540".
[Thu Dec  4 13:26:55 2014] [debug] Rendering cached inline template "4fcf2af99f1803a7a26c2e9b04430f8c".
[Thu Dec  4 13:26:55 2014] [debug] 404 Not Found (0.006070s, 164.745/s).
[Thu Dec  4 13:26:55 2014] [debug] GET "/components/angular-cookies/angular-cookies.min.js".
[Thu Dec  4 13:26:55 2014] [debug] Template "not_found.development.html.ep" not found.
[Thu Dec  4 13:26:55 2014] [debug] Template "not_found.html.ep" not found.
[Thu Dec  4 13:26:55 2014] [debug] Rendering cached inline template "569839bd27413e47e26c8476bacb2540".
[Thu Dec  4 13:26:55 2014] [debug] Rendering cached inline template "4fcf2af99f1803a7a26c2e9b04430f8c".
[Thu Dec  4 13:26:55 2014] [debug] 404 Not Found (0.004859s, 205.804/s).
[Thu Dec  4 13:26:55 2014] [debug] GET "/components/angular/angular.min.js".
[Thu Dec  4 13:26:55 2014] [debug] Template "not_found.development.html.ep" not found.
[Thu Dec  4 13:26:55 2014] [debug] Template "not_found.html.ep" not found.
[Thu Dec  4 13:26:55 2014] [debug] Rendering cached inline template "569839bd27413e47e26c8476bacb2540".
[Thu Dec  4 13:26:55 2014] [debug] Rendering cached inline template "4fcf2af99f1803a7a26c2e9b04430f8c".
[Thu Dec  4 13:26:55 2014] [debug] 404 Not Found (0.004701s, 212.721/s).
[Thu Dec  4 13:26:55 2014] [debug] GET "/components/angular-ui-router/release/angular-ui-router.min.js".
[Thu Dec  4 13:26:55 2014] [debug] Template "not_found.development.html.ep" not found.
[Thu Dec  4 13:26:55 2014] [debug] Template "not_found.html.ep" not found.
[Thu Dec  4 13:26:55 2014] [debug] Rendering cached inline template "569839bd27413e47e26c8476bacb2540".
[Thu Dec  4 13:26:55 2014] [debug] Rendering cached inline template "4fcf2af99f1803a7a26c2e9b04430f8c".
[Thu Dec  4 13:26:55 2014] [debug] 404 Not Found (0.005149s, 194.212/s).
[Thu Dec  4 13:26:55 2014] [debug] GET "/js/dashboard.min.js".
[Thu Dec  4 13:26:55 2014] [debug] Template "not_found.development.html.ep" not found.
[Thu Dec  4 13:26:55 2014] [debug] Template "not_found.html.ep" not found.
[Thu Dec  4 13:26:55 2014] [debug] Rendering cached inline template "569839bd27413e47e26c8476bacb2540".
[Thu Dec  4 13:26:55 2014] [debug] Rendering cached inline template "4fcf2af99f1803a7a26c2e9b04430f8c".
[Thu Dec  4 13:26:55 2014] [debug] 404 Not Found (0.005254s, 190.331/s).
[Thu Dec  4 13:26:58 2014] [debug] GET "/components/bootstrap/dist/css/bootstrap.min.css".
[Thu Dec  4 13:26:58 2014] [debug] Template "not_found.development.html.ep" not found.
[Thu Dec  4 13:26:58 2014] [debug] Template "not_found.html.ep" not found.
[Thu Dec  4 13:26:58 2014] [debug] Rendering cached inline template "569839bd27413e47e26c8476bacb2540".
[Thu Dec  4 13:26:58 2014] [debug] Rendering cached inline template "4fcf2af99f1803a7a26c2e9b04430f8c".
[Thu Dec  4 13:26:58 2014] [debug] 404 Not Found (0.004926s, 203.004/s).
[Thu Dec  4 13:26:58 2014] [debug] GET "/components/font-awesome/css/font-awesome.min.css".
[Thu Dec  4 13:26:58 2014] [debug] Template "not_found.development.html.ep" not found.
[Thu Dec  4 13:26:58 2014] [debug] Template "not_found.html.ep" not found.
[Thu Dec  4 13:26:58 2014] [debug] Rendering cached inline template "569839bd27413e47e26c8476bacb2540".
[Thu Dec  4 13:26:58 2014] [debug] Rendering cached inline template "4fcf2af99f1803a7a26c2e9b04430f8c".
[Thu Dec  4 13:26:58 2014] [debug] 404 Not Found (0.004995s, 200.200/s).
[Thu Dec  4 13:26:58 2014] [debug] GET "/components/rdash-ui/dist/css/rdash.min.css".
[Thu Dec  4 13:26:58 2014] [debug] Template "not_found.development.html.ep" not found.
[Thu Dec  4 13:26:58 2014] [debug] Template "not_found.html.ep" not found.
[Thu Dec  4 13:26:58 2014] [debug] Rendering cached inline template "569839bd27413e47e26c8476bacb2540".
[Thu Dec  4 13:26:58 2014] [debug] Rendering cached inline template "4fcf2af99f1803a7a26c2e9b04430f8c".
[Thu Dec  4 13:26:58 2014] [debug] 404 Not Found (0.004891s, 204.457/s).
[Thu Dec  4 13:40:44 2014] [debug] GET "/components/bootstrap/dist/css/bootstrap.min.css".
[Thu Dec  4 13:40:44 2014] [debug] Template "not_found.development.html.ep" not found.
[Thu Dec  4 13:40:44 2014] [debug] Template "not_found.html.ep" not found.
[Thu Dec  4 13:40:44 2014] [debug] Rendering cached inline template "569839bd27413e47e26c8476bacb2540".
[Thu Dec  4 13:40:44 2014] [debug] Rendering cached inline template "4fcf2af99f1803a7a26c2e9b04430f8c".
[Thu Dec  4 13:40:44 2014] [debug] 404 Not Found (0.006848s, 146.028/s).
[Thu Dec  4 13:40:44 2014] [debug] GET "/components/font-awesome/css/font-awesome.min.css".
[Thu Dec  4 13:40:44 2014] [debug] Template "not_found.development.html.ep" not found.
[Thu Dec  4 13:40:44 2014] [debug] Template "not_found.html.ep" not found.
[Thu Dec  4 13:40:44 2014] [debug] Rendering cached inline template "569839bd27413e47e26c8476bacb2540".
[Thu Dec  4 13:40:44 2014] [debug] Rendering cached inline template "4fcf2af99f1803a7a26c2e9b04430f8c".
[Thu Dec  4 13:40:44 2014] [debug] 404 Not Found (0.004827s, 207.168/s).
[Thu Dec  4 13:40:44 2014] [debug] GET "/components/angular-bootstrap/ui-bootstrap-tpls.min.js".
[Thu Dec  4 13:40:44 2014] [debug] Template "not_found.development.html.ep" not found.
[Thu Dec  4 13:40:44 2014] [debug] Template "not_found.html.ep" not found.
[Thu Dec  4 13:40:44 2014] [debug] Rendering cached inline template "569839bd27413e47e26c8476bacb2540".
[Thu Dec  4 13:40:44 2014] [debug] Rendering cached inline template "4fcf2af99f1803a7a26c2e9b04430f8c".
[Thu Dec  4 13:40:44 2014] [debug] 404 Not Found (0.004894s, 204.332/s).
[Thu Dec  4 13:40:44 2014] [debug] GET "/components/rdash-ui/dist/css/rdash.min.css".
[Thu Dec  4 13:40:44 2014] [debug] Template "not_found.development.html.ep" not found.
[Thu Dec  4 13:40:44 2014] [debug] Template "not_found.html.ep" not found.
[Thu Dec  4 13:40:44 2014] [debug] Rendering cached inline template "569839bd27413e47e26c8476bacb2540".
[Thu Dec  4 13:40:44 2014] [debug] Rendering cached inline template "4fcf2af99f1803a7a26c2e9b04430f8c".
[Thu Dec  4 13:40:44 2014] [debug] 404 Not Found (0.004599s, 217.439/s).
[Thu Dec  4 13:40:44 2014] [debug] GET "/components/angular/angular.min.js".
[Thu Dec  4 13:40:44 2014] [debug] Template "not_found.development.html.ep" not found.
[Thu Dec  4 13:40:44 2014] [debug] Template "not_found.html.ep" not found.
[Thu Dec  4 13:40:44 2014] [debug] Rendering cached inline template "569839bd27413e47e26c8476bacb2540".
[Thu Dec  4 13:40:44 2014] [debug] Rendering cached inline template "4fcf2af99f1803a7a26c2e9b04430f8c".
[Thu Dec  4 13:40:44 2014] [debug] 404 Not Found (0.005210s, 191.939/s).
[Thu Dec  4 13:40:44 2014] [debug] GET "/components/angular-cookies/angular-cookies.min.js".
[Thu Dec  4 13:40:44 2014] [debug] Template "not_found.development.html.ep" not found.
[Thu Dec  4 13:40:44 2014] [debug] Template "not_found.html.ep" not found.
[Thu Dec  4 13:40:44 2014] [debug] Rendering cached inline template "569839bd27413e47e26c8476bacb2540".
[Thu Dec  4 13:40:44 2014] [debug] Rendering cached inline template "4fcf2af99f1803a7a26c2e9b04430f8c".
[Thu Dec  4 13:40:44 2014] [debug] 404 Not Found (0.004915s, 203.459/s).
[Thu Dec  4 13:40:44 2014] [debug] GET "/components/angular-ui-router/release/angular-ui-router.min.js".
[Thu Dec  4 13:40:44 2014] [debug] Template "not_found.development.html.ep" not found.
[Thu Dec  4 13:40:44 2014] [debug] Template "not_found.html.ep" not found.
[Thu Dec  4 13:40:44 2014] [debug] Rendering cached inline template "569839bd27413e47e26c8476bacb2540".
[Thu Dec  4 13:40:44 2014] [debug] Rendering cached inline template "4fcf2af99f1803a7a26c2e9b04430f8c".
[Thu Dec  4 13:40:44 2014] [debug] 404 Not Found (0.005060s, 197.628/s).
[Thu Dec  4 13:44:00 2014] [debug] GET "/".
[Thu Dec  4 13:44:00 2014] [debug] Routing to controller "EnQ::Example" and action "welcome".
[Thu Dec  4 13:44:00 2014] [debug] Rendering cached template "example/welcome.html.ep".
[Thu Dec  4 13:44:00 2014] [debug] Rendering cached template "layouts/default.html.ep".
[Thu Dec  4 13:44:00 2014] [debug] 200 OK (0.000923s, 1083.424/s).
[Thu Dec  4 13:44:03 2014] [debug] GET "/css/bootstrap.min.css".
[Thu Dec  4 13:44:03 2014] [debug] Template "not_found.development.html.ep" not found.
[Thu Dec  4 13:44:03 2014] [debug] Template "not_found.html.ep" not found.
[Thu Dec  4 13:44:03 2014] [debug] Rendering cached inline template "569839bd27413e47e26c8476bacb2540".
[Thu Dec  4 13:44:03 2014] [debug] Rendering cached inline template "4fcf2af99f1803a7a26c2e9b04430f8c".
[Thu Dec  4 13:44:03 2014] [debug] 404 Not Found (0.005314s, 188.182/s).
[Thu Dec  4 13:44:03 2014] [debug] GET "/js/jquery.js".
[Thu Dec  4 13:44:03 2014] [debug] Template "not_found.development.html.ep" not found.
[Thu Dec  4 13:44:03 2014] [debug] Template "not_found.html.ep" not found.
[Thu Dec  4 13:44:03 2014] [debug] Rendering cached inline template "569839bd27413e47e26c8476bacb2540".
[Thu Dec  4 13:44:03 2014] [debug] Rendering cached inline template "4fcf2af99f1803a7a26c2e9b04430f8c".
[Thu Dec  4 13:44:03 2014] [debug] 404 Not Found (0.006070s, 164.745/s).
[Thu Dec  4 13:44:03 2014] [debug] GET "/css/plugins/morris.css".
[Thu Dec  4 13:44:03 2014] [debug] Template "not_found.development.html.ep" not found.
[Thu Dec  4 13:44:03 2014] [debug] Template "not_found.html.ep" not found.
[Thu Dec  4 13:44:03 2014] [debug] Rendering cached inline template "569839bd27413e47e26c8476bacb2540".
[Thu Dec  4 13:44:03 2014] [debug] Rendering cached inline template "4fcf2af99f1803a7a26c2e9b04430f8c".
[Thu Dec  4 13:44:03 2014] [debug] 404 Not Found (0.005934s, 168.520/s).
[Thu Dec  4 13:44:03 2014] [debug] GET "/css/sb-admin.css".
[Thu Dec  4 13:44:03 2014] [debug] Template "not_found.development.html.ep" not found.
[Thu Dec  4 13:44:03 2014] [debug] Template "not_found.html.ep" not found.
[Thu Dec  4 13:44:03 2014] [debug] Rendering cached inline template "569839bd27413e47e26c8476bacb2540".
[Thu Dec  4 13:44:03 2014] [debug] Rendering cached inline template "4fcf2af99f1803a7a26c2e9b04430f8c".
[Thu Dec  4 13:44:03 2014] [debug] 404 Not Found (0.005702s, 175.377/s).
[Thu Dec  4 13:44:03 2014] [debug] GET "/font-awesome-4.1.0/css/font-awesome.min.css".
[Thu Dec  4 13:44:03 2014] [debug] Template "not_found.development.html.ep" not found.
[Thu Dec  4 13:44:03 2014] [debug] Template "not_found.html.ep" not found.
[Thu Dec  4 13:44:03 2014] [debug] Rendering cached inline template "569839bd27413e47e26c8476bacb2540".
[Thu Dec  4 13:44:03 2014] [debug] Rendering cached inline template "4fcf2af99f1803a7a26c2e9b04430f8c".
[Thu Dec  4 13:44:03 2014] [debug] 404 Not Found (0.005757s, 173.702/s).
[Thu Dec  4 13:44:03 2014] [debug] GET "/js/bootstrap.min.js".
[Thu Dec  4 13:44:03 2014] [debug] Template "not_found.development.html.ep" not found.
[Thu Dec  4 13:44:03 2014] [debug] Template "not_found.html.ep" not found.
[Thu Dec  4 13:44:03 2014] [debug] Rendering cached inline template "569839bd27413e47e26c8476bacb2540".
[Thu Dec  4 13:44:03 2014] [debug] Rendering cached inline template "4fcf2af99f1803a7a26c2e9b04430f8c".
[Thu Dec  4 13:44:03 2014] [debug] 404 Not Found (0.004923s, 203.128/s).
[Thu Dec  4 13:44:03 2014] [debug] GET "/js/plugins/morris/raphael.min.js".
[Thu Dec  4 13:44:03 2014] [debug] Template "not_found.development.html.ep" not found.
[Thu Dec  4 13:44:03 2014] [debug] Template "not_found.html.ep" not found.
[Thu Dec  4 13:44:03 2014] [debug] Rendering cached inline template "569839bd27413e47e26c8476bacb2540".
[Thu Dec  4 13:44:03 2014] [debug] Rendering cached inline template "4fcf2af99f1803a7a26c2e9b04430f8c".
[Thu Dec  4 13:44:03 2014] [debug] 404 Not Found (0.006323s, 158.153/s).
[Thu Dec  4 13:44:03 2014] [debug] GET "/js/plugins/morris/morris.min.js".
[Thu Dec  4 13:44:03 2014] [debug] Template "not_found.development.html.ep" not found.
[Thu Dec  4 13:44:03 2014] [debug] Template "not_found.html.ep" not found.
[Thu Dec  4 13:44:03 2014] [debug] Rendering cached inline template "569839bd27413e47e26c8476bacb2540".
[Thu Dec  4 13:44:03 2014] [debug] Rendering cached inline template "4fcf2af99f1803a7a26c2e9b04430f8c".
[Thu Dec  4 13:44:03 2014] [debug] 404 Not Found (0.005175s, 193.237/s).
[Thu Dec  4 13:44:03 2014] [debug] GET "/js/plugins/morris/morris-data.js".
[Thu Dec  4 13:44:03 2014] [debug] Template "not_found.development.html.ep" not found.
[Thu Dec  4 13:44:03 2014] [debug] Template "not_found.html.ep" not found.
[Thu Dec  4 13:44:03 2014] [debug] Rendering cached inline template "569839bd27413e47e26c8476bacb2540".
[Thu Dec  4 13:44:03 2014] [debug] Rendering cached inline template "4fcf2af99f1803a7a26c2e9b04430f8c".
[Thu Dec  4 13:44:03 2014] [debug] 404 Not Found (0.005925s, 168.776/s).
[Thu Dec  4 13:44:05 2014] [debug] GET "/css/bootstrap.min.css".
[Thu Dec  4 13:44:05 2014] [debug] Template "not_found.development.html.ep" not found.
[Thu Dec  4 13:44:05 2014] [debug] Template "not_found.html.ep" not found.
[Thu Dec  4 13:44:05 2014] [debug] Rendering cached inline template "569839bd27413e47e26c8476bacb2540".
[Thu Dec  4 13:44:05 2014] [debug] Rendering cached inline template "4fcf2af99f1803a7a26c2e9b04430f8c".
[Thu Dec  4 13:44:05 2014] [debug] 404 Not Found (0.005064s, 197.472/s).
[Thu Dec  4 13:44:05 2014] [debug] GET "/css/sb-admin.css".
[Thu Dec  4 13:44:05 2014] [debug] Template "not_found.development.html.ep" not found.
[Thu Dec  4 13:44:05 2014] [debug] Template "not_found.html.ep" not found.
[Thu Dec  4 13:44:05 2014] [debug] Rendering cached inline template "569839bd27413e47e26c8476bacb2540".
[Thu Dec  4 13:44:05 2014] [debug] Rendering cached inline template "4fcf2af99f1803a7a26c2e9b04430f8c".
[Thu Dec  4 13:44:05 2014] [debug] 404 Not Found (0.005186s, 192.827/s).
[Thu Dec  4 13:44:05 2014] [debug] GET "/font-awesome-4.1.0/css/font-awesome.min.css".
[Thu Dec  4 13:44:05 2014] [debug] Template "not_found.development.html.ep" not found.
[Thu Dec  4 13:44:05 2014] [debug] Template "not_found.html.ep" not found.
[Thu Dec  4 13:44:05 2014] [debug] Rendering cached inline template "569839bd27413e47e26c8476bacb2540".
[Thu Dec  4 13:44:05 2014] [debug] Rendering cached inline template "4fcf2af99f1803a7a26c2e9b04430f8c".
[Thu Dec  4 13:44:05 2014] [debug] 404 Not Found (0.005326s, 187.758/s).
[Thu Dec  4 13:44:05 2014] [debug] GET "/css/plugins/morris.css".
[Thu Dec  4 13:44:05 2014] [debug] Template "not_found.development.html.ep" not found.
[Thu Dec  4 13:44:05 2014] [debug] Template "not_found.html.ep" not found.
[Thu Dec  4 13:44:05 2014] [debug] Rendering cached inline template "569839bd27413e47e26c8476bacb2540".
[Thu Dec  4 13:44:05 2014] [debug] Rendering cached inline template "4fcf2af99f1803a7a26c2e9b04430f8c".
[Thu Dec  4 13:44:05 2014] [debug] 404 Not Found (0.005072s, 197.161/s).
